1695902965502	geckodriver	INFO	Listening on 127.0.0.1:53186
1695902966019	mozrunner::runner	INFO	Running command: MOZ_CRASHREPORTER="1" MOZ_CRASHREPORTER_NO_REPORT="1" MOZ_CRASHREPORTER_SHUTDOWN="1" MOZ_NO_REMOTE="1" "/App ... s" "localhost" "-foreground" "-no-remote" "-profile" "/var/folders/z9/0h_8v2bn5jg1rj3snbnlk26w0000gn/T/rust_mozprofileLWbJaw"
console.warn: services.settings: Ignoring preference override of remote settings server
console.warn: services.settings: Allow by setting MOZ_REMOTE_SETTINGS_DEVTOOLS=1 in the environment
1695902966275	Marionette	INFO	Marionette enabled
console.error: "Warning: unrecognized command line flag" "-remote-allow-hosts"
1695902966452	Marionette	INFO	Listening on port 53194
WebDriver BiDi listening on ws://127.0.0.1:53187
Read port: 53194
1695902966590	RemoteAgent	WARN	TLS certificate errors will be ignored for this session
UNSUPPORTED (log once): POSSIBLE ISSUE: unit 1 GLD_TEXTURE_INDEX_2D is unloadable and bound to sampler type (Float) - using zero texture because texture unloadable
DevTools listening on ws://127.0.0.1:53187/devtools/browser/069684c2-b589-4822-aabf-6324c1fb0695
1695902981230	Marionette	INFO	Stopped listening on port 53194
JavaScript warning: https://yastatic.net/s3/home-static/alice-web/11/desktop/index-desktop.js, line 1: Script terminated by timeout at:
@https://yastatic.net/s3/home-static/alice-web/11/desktop/index-desktop.js:1:21945
@https://yastatic.net/s3/home-static/alice-web/11/desktop/index-desktop.js:1:22005
@https://yastatic.net/s3/home-static/alice-web/11/desktop/index-desktop.js:1:383825

1696418785835	geckodriver	INFO	Listening on 127.0.0.1:57092
1696418786244	mozrunner::runner	INFO	Running command: MOZ_CRASHREPORTER="1" MOZ_CRASHREPORTER_NO_REPORT="1" MOZ_CRASHREPORTER_SHUTDOWN="1" MOZ_NO_REMOTE="1" "/App ... s" "localhost" "-foreground" "-no-remote" "-profile" "/var/folders/z9/0h_8v2bn5jg1rj3snbnlk26w0000gn/T/rust_mozprofilex9J2Me"
console.warn: services.settings: Ignoring preference override of remote settings server
console.warn: services.settings: Allow by setting MOZ_REMOTE_SETTINGS_DEVTOOLS=1 in the environment
1696418786547	Marionette	INFO	Marionette enabled
console.error: "Warning: unrecognized command line flag" "-remote-allow-hosts"
1696418786675	Marionette	INFO	Listening on port 57102
WebDriver BiDi listening on ws://127.0.0.1:57093
Read port: 57102
1696418786808	RemoteAgent	WARN	TLS certificate errors will be ignored for this session
UNSUPPORTED (log once): POSSIBLE ISSUE: unit 1 GLD_TEXTURE_INDEX_2D is unloadable and bound to sampler type (Float) - using zero texture because texture unloadable
DevTools listening on ws://127.0.0.1:57093/devtools/browser/0ac48182-5d3d-43f4-b1c3-14f429391be1
1696418787444	geckodriver	INFO	Listening on 127.0.0.1:57111
1696418787952	mozrunner::runner	INFO	Running command: MOZ_CRASHREPORTER="1" MOZ_CRASHREPORTER_NO_REPORT="1" MOZ_CRASHREPORTER_SHUTDOWN="1" MOZ_NO_REMOTE="1" "/App ... s" "localhost" "-foreground" "-no-remote" "-profile" "/var/folders/z9/0h_8v2bn5jg1rj3snbnlk26w0000gn/T/rust_mozprofileK7azKz"
console.warn: services.settings: Ignoring preference override of remote settings server
console.warn: services.settings: Allow by setting MOZ_REMOTE_SETTINGS_DEVTOOLS=1 in the environment
1696418788198	Marionette	INFO	Marionette enabled
console.error: "Warning: unrecognized command line flag" "-remote-allow-hosts"
1696418788373	Marionette	INFO	Listening on port 57124
WebDriver BiDi listening on ws://127.0.0.1:57112
Read port: 57124
1696418788508	RemoteAgent	WARN	TLS certificate errors will be ignored for this session
UNSUPPORTED (log once): POSSIBLE ISSUE: unit 1 GLD_TEXTURE_INDEX_2D is unloadable and bound to sampler type (Float) - using zero texture because texture unloadable
DevTools listening on ws://127.0.0.1:57112/devtools/browser/d2d7f1d5-ea6c-4615-87da-4707ce3abd29
1696421144225	geckodriver	INFO	Listening on 127.0.0.1:58078
1696421144644	mozrunner::runner	INFO	Running command: MOZ_CRASHREPORTER="1" MOZ_CRASHREPORTER_NO_REPORT="1" MOZ_CRASHREPORTER_SHUTDOWN="1" MOZ_NO_REMOTE="1" "/App ... s" "localhost" "-foreground" "-no-remote" "-profile" "/var/folders/z9/0h_8v2bn5jg1rj3snbnlk26w0000gn/T/rust_mozprofileGLb30y"
console.warn: services.settings: Ignoring preference override of remote settings server
console.warn: services.settings: Allow by setting MOZ_REMOTE_SETTINGS_DEVTOOLS=1 in the environment
1696421144977	Marionette	INFO	Marionette enabled
console.error: "Warning: unrecognized command line flag" "-remote-allow-hosts"
1696421145088	Marionette	INFO	Listening on port 58086
WebDriver BiDi listening on ws://127.0.0.1:58079
Read port: 58086
1696421145205	RemoteAgent	WARN	TLS certificate errors will be ignored for this session
UNSUPPORTED (log once): POSSIBLE ISSUE: unit 1 GLD_TEXTURE_INDEX_2D is unloadable and bound to sampler type (Float) - using zero texture because texture unloadable
DevTools listening on ws://127.0.0.1:58079/devtools/browser/67ca0233-46ba-4064-8a49-4b6e8fb77720
1696421145768	geckodriver	INFO	Listening on 127.0.0.1:58096
1696421146281	mozrunner::runner	INFO	Running command: MOZ_CRASHREPORTER="1" MOZ_CRASHREPORTER_NO_REPORT="1" MOZ_CRASHREPORTER_SHUTDOWN="1" MOZ_NO_REMOTE="1" "/App ... s" "localhost" "-foreground" "-no-remote" "-profile" "/var/folders/z9/0h_8v2bn5jg1rj3snbnlk26w0000gn/T/rust_mozprofileX6tQcr"
console.warn: services.settings: Ignoring preference override of remote settings server
console.warn: services.settings: Allow by setting MOZ_REMOTE_SETTINGS_DEVTOOLS=1 in the environment
1696421146538	Marionette	INFO	Marionette enabled
console.error: "Warning: unrecognized command line flag" "-remote-allow-hosts"
1696421146712	Marionette	INFO	Listening on port 58108
WebDriver BiDi listening on ws://127.0.0.1:58097
Read port: 58108
1696421146846	RemoteAgent	WARN	TLS certificate errors will be ignored for this session
UNSUPPORTED (log once): POSSIBLE ISSUE: unit 1 GLD_TEXTURE_INDEX_2D is unloadable and bound to sampler type (Float) - using zero texture because texture unloadable
DevTools listening on ws://127.0.0.1:58097/devtools/browser/8df7498f-32aa-4bf0-ab61-52889cecbc5a
1696421149701	Marionette	INFO	Stopped listening on port 57124
console.warn: TopSitesFeed: Failed to fetch data from Contile server: NetworkError when attempting to fetch resource.
console.error: "Failed to fetch https://spocs.getpocket.com/user:" "NetworkError when attempting to fetch resource."
1696421170269	Marionette	INFO	Stopped listening on port 58108
console.warn: TopSitesFeed: Failed to fetch data from Contile server: NetworkError when attempting to fetch resource.
console.error: "Failed to fetch https://spocs.getpocket.com/user:" "NetworkError when attempting to fetch resource."
1696421174822	Marionette	INFO	Stopped listening on port 58086
console.warn: TopSitesFeed: Failed to fetch data from Contile server: NetworkError when attempting to fetch resource.
console.error: "Failed to fetch https://spocs.getpocket.com/user:" "NetworkError when attempting to fetch resource."
1696421179737	Marionette	INFO	Stopped listening on port 57102
